{"/Users/andeladeveloper/Desktop/post-it-app/client/src/Routes.jsx": {"path":"/Users/andeladeveloper/Desktop/post-it-app/client/src/Routes.jsx","statementMap":{"0":{"start":{"line":10,"column":20},"end":{"line":25,"column":1}},"1":{"start":{"line":11,"column":2},"end":{"line":24,"column":4}},"2":{"start":{"line":14,"column":4},"end":{"line":22,"column":5}},"3":{"start":{"line":28,"column":15},"end":{"line":39,"column":1}},"4":{"start":{"line":29,"column":2},"end":{"line":38,"column":9}}},"fnMap":{"0":{"name":"(anonymous_0)","decl":{"start":{"line":10,"column":20},"end":{"line":10,"column":21}},"loc":{"start":{"line":11,"column":2},"end":{"line":24,"column":4}},"line":11},"1":{"name":"(anonymous_1)","decl":{"start":{"line":13,"column":12},"end":{"line":13,"column":13}},"loc":{"start":{"line":14,"column":4},"end":{"line":22,"column":5}},"line":14},"2":{"name":"(anonymous_2)","decl":{"start":{"line":28,"column":15},"end":{"line":28,"column":16}},"loc":{"start":{"line":29,"column":2},"end":{"line":38,"column":9}},"line":29}},"branchMap":{"0":{"loc":{"start":{"line":14,"column":4},"end":{"line":22,"column":5}},"type":"cond-expr","locations":[{"start":{"line":15,"column":6},"end":{"line":15,"column":30}},{"start":{"line":17,"column":6},"end":{"line":21,"column":8}}],"line":14}},"s":{"0":1,"1":0,"2":0,"3":1,"4":1},"f":{"0":0,"1":0,"2":1},"b":{"0":[0,0]},"_coverageSchema":"332fd63041d2c1bcb487cc26dd0d5f7d97098a6c","hash":"eab607a1529bb9a438dbc253e3f4967d33fbc75a"}
,"/Users/andeladeveloper/Desktop/post-it-app/client/src/actions/AppActions.js": {"path":"/Users/andeladeveloper/Desktop/post-it-app/client/src/actions/AppActions.js","statementMap":{"0":{"start":{"line":6,"column":20},"end":{"line":9,"column":1}},"1":{"start":{"line":7,"column":17},"end":{"line":7,"column":44}},"2":{"start":{"line":8,"column":2},"end":{"line":8,"column":23}},"3":{"start":{"line":11,"column":19},"end":{"line":170,"column":1}},"4":{"start":{"line":14,"column":4},"end":{"line":27,"column":26}},"5":{"start":{"line":17,"column":26},"end":{"line":17,"column":39}},"6":{"start":{"line":18,"column":8},"end":{"line":18,"column":61}},"7":{"start":{"line":19,"column":21},"end":{"line":19,"column":49}},"8":{"start":{"line":20,"column":8},"end":{"line":20,"column":46}},"9":{"start":{"line":21,"column":8},"end":{"line":25,"column":11}},"10":{"start":{"line":32,"column":4},"end":{"line":44,"column":26}},"11":{"start":{"line":35,"column":26},"end":{"line":35,"column":39}},"12":{"start":{"line":36,"column":21},"end":{"line":36,"column":49}},"13":{"start":{"line":37,"column":8},"end":{"line":37,"column":46}},"14":{"start":{"line":38,"column":8},"end":{"line":38,"column":61}},"15":{"start":{"line":39,"column":8},"end":{"line":42,"column":11}},"16":{"start":{"line":48,"column":22},"end":{"line":48,"column":48}},"17":{"start":{"line":49,"column":4},"end":{"line":59,"column":26}},"18":{"start":{"line":52,"column":22},"end":{"line":52,"column":45}},"19":{"start":{"line":53,"column":8},"end":{"line":53,"column":56}},"20":{"start":{"line":54,"column":8},"end":{"line":57,"column":11}},"21":{"start":{"line":63,"column":4},"end":{"line":72,"column":26}},"22":{"start":{"line":66,"column":31},"end":{"line":66,"column":44}},"23":{"start":{"line":67,"column":8},"end":{"line":70,"column":11}},"24":{"start":{"line":76,"column":4},"end":{"line":95,"column":24}},"25":{"start":{"line":79,"column":29},"end":{"line":79,"column":42}},"26":{"start":{"line":80,"column":8},"end":{"line":83,"column":11}},"27":{"start":{"line":84,"column":8},"end":{"line":93,"column":26}},"28":{"start":{"line":87,"column":24},"end":{"line":87,"column":45}},"29":{"start":{"line":88,"column":8},"end":{"line":91,"column":11}},"30":{"start":{"line":99,"column":4},"end":{"line":108,"column":26}},"31":{"start":{"line":102,"column":24},"end":{"line":102,"column":50}},"32":{"start":{"line":103,"column":8},"end":{"line":106,"column":11}},"33":{"start":{"line":112,"column":4},"end":{"line":121,"column":26}},"34":{"start":{"line":115,"column":29},"end":{"line":115,"column":43}},"35":{"start":{"line":116,"column":8},"end":{"line":119,"column":11}},"36":{"start":{"line":125,"column":4},"end":{"line":135,"column":24}},"37":{"start":{"line":128,"column":22},"end":{"line":128,"column":43}},"38":{"start":{"line":129,"column":6},"end":{"line":129,"column":44}},"39":{"start":{"line":130,"column":6},"end":{"line":133,"column":9}},"40":{"start":{"line":139,"column":4},"end":{"line":148,"column":24}},"41":{"start":{"line":142,"column":23},"end":{"line":142,"column":49}},"42":{"start":{"line":143,"column":6},"end":{"line":146,"column":9}},"43":{"start":{"line":152,"column":4},"end":{"line":158,"column":24}},"44":{"start":{"line":155,"column":21},"end":{"line":155,"column":42}},"45":{"start":{"line":156,"column":6},"end":{"line":156,"column":29}},"46":{"start":{"line":162,"column":4},"end":{"line":168,"column":26}},"47":{"start":{"line":165,"column":26},"end":{"line":165,"column":39}},"48":{"start":{"line":166,"column":8},"end":{"line":166,"column":48}}},"fnMap":{"0":{"name":"(anonymous_0)","decl":{"start":{"line":6,"column":20},"end":{"line":6,"column":21}},"loc":{"start":{"line":6,"column":31},"end":{"line":9,"column":1}},"line":6},"1":{"name":"(anonymous_1)","decl":{"start":{"line":16,"column":12},"end":{"line":16,"column":13}},"loc":{"start":{"line":16,"column":26},"end":{"line":26,"column":7}},"line":16},"2":{"name":"(anonymous_2)","decl":{"start":{"line":34,"column":12},"end":{"line":34,"column":13}},"loc":{"start":{"line":34,"column":26},"end":{"line":43,"column":7}},"line":34},"3":{"name":"(anonymous_3)","decl":{"start":{"line":51,"column":12},"end":{"line":51,"column":13}},"loc":{"start":{"line":51,"column":26},"end":{"line":58,"column":7}},"line":51},"4":{"name":"(anonymous_4)","decl":{"start":{"line":65,"column":12},"end":{"line":65,"column":13}},"loc":{"start":{"line":65,"column":26},"end":{"line":71,"column":7}},"line":65},"5":{"name":"(anonymous_5)","decl":{"start":{"line":78,"column":12},"end":{"line":78,"column":13}},"loc":{"start":{"line":78,"column":26},"end":{"line":94,"column":7}},"line":78},"6":{"name":"(anonymous_6)","decl":{"start":{"line":86,"column":12},"end":{"line":86,"column":13}},"loc":{"start":{"line":86,"column":21},"end":{"line":92,"column":7}},"line":86},"7":{"name":"(anonymous_7)","decl":{"start":{"line":101,"column":12},"end":{"line":101,"column":13}},"loc":{"start":{"line":101,"column":26},"end":{"line":107,"column":7}},"line":101},"8":{"name":"(anonymous_8)","decl":{"start":{"line":114,"column":12},"end":{"line":114,"column":13}},"loc":{"start":{"line":114,"column":21},"end":{"line":120,"column":7}},"line":114},"9":{"name":"(anonymous_9)","decl":{"start":{"line":127,"column":10},"end":{"line":127,"column":11}},"loc":{"start":{"line":127,"column":24},"end":{"line":134,"column":5}},"line":127},"10":{"name":"(anonymous_10)","decl":{"start":{"line":141,"column":10},"end":{"line":141,"column":11}},"loc":{"start":{"line":141,"column":24},"end":{"line":147,"column":5}},"line":141},"11":{"name":"(anonymous_11)","decl":{"start":{"line":154,"column":10},"end":{"line":154,"column":11}},"loc":{"start":{"line":154,"column":24},"end":{"line":157,"column":5}},"line":154},"12":{"name":"(anonymous_12)","decl":{"start":{"line":164,"column":12},"end":{"line":164,"column":13}},"loc":{"start":{"line":164,"column":26},"end":{"line":167,"column":7}},"line":164}},"branchMap":{},"s":{"0":7,"1":0,"2":0,"3":7,"4":0,"5":0,"6":0,"7":0,"8":0,"9":0,"10":0,"11":0,"12":0,"13":0,"14":0,"15":0,"16":0,"17":0,"18":0,"19":0,"20":0,"21":3,"22":3,"23":3,"24":0,"25":0,"26":0,"27":0,"28":0,"29":0,"30":0,"31":0,"32":0,"33":0,"34":0,"35":0,"36":0,"37":0,"38":0,"39":0,"40":0,"41":0,"42":0,"43":0,"44":0,"45":0,"46":1,"47":0,"48":0},"f":{"0":0,"1":0,"2":0,"3":0,"4":3,"5":0,"6":0,"7":0,"8":0,"9":0,"10":0,"11":0,"12":0},"b":{},"_coverageSchema":"332fd63041d2c1bcb487cc26dd0d5f7d97098a6c","hash":"d9b1e28209a27e9e4a0c1c6360c0d7799c29b296"}
,"/Users/andeladeveloper/Desktop/post-it-app/client/src/components/App.jsx": {"path":"/Users/andeladeveloper/Desktop/post-it-app/client/src/components/App.jsx","statementMap":{"0":{"start":{"line":15,"column":4},"end":{"line":21,"column":6}}},"fnMap":{"0":{"name":"(anonymous_0)","decl":{"start":{"line":14,"column":2},"end":{"line":14,"column":3}},"loc":{"start":{"line":14,"column":11},"end":{"line":22,"column":3}},"line":14}},"branchMap":{},"s":{"0":2},"f":{"0":2},"b":{},"_coverageSchema":"332fd63041d2c1bcb487cc26dd0d5f7d97098a6c","hash":"4699f70bd4cfe9830688c3cd441e812f8f86fbb9"}
,"/Users/andeladeveloper/Desktop/post-it-app/client/src/components/BoardNavigation.jsx": {"path":"/Users/andeladeveloper/Desktop/post-it-app/client/src/components/BoardNavigation.jsx","statementMap":{"0":{"start":{"line":13,"column":4},"end":{"line":13,"column":24}},"1":{"start":{"line":17,"column":4},"end":{"line":42,"column":6}}},"fnMap":{"0":{"name":"(anonymous_0)","decl":{"start":{"line":12,"column":12},"end":{"line":12,"column":13}},"loc":{"start":{"line":12,"column":23},"end":{"line":14,"column":3}},"line":12},"1":{"name":"(anonymous_1)","decl":{"start":{"line":16,"column":2},"end":{"line":16,"column":3}},"loc":{"start":{"line":16,"column":11},"end":{"line":43,"column":3}},"line":16}},"branchMap":{},"s":{"0":1,"1":2},"f":{"0":1,"1":2},"b":{},"_coverageSchema":"332fd63041d2c1bcb487cc26dd0d5f7d97098a6c","hash":"b4249261535cc21fbdf95891890af8b0e1a95265"}
,"/Users/andeladeveloper/Desktop/post-it-app/client/src/components/DashBoard.jsx": {"path":"/Users/andeladeveloper/Desktop/post-it-app/client/src/components/DashBoard.jsx","statementMap":{"0":{"start":{"line":24,"column":4},"end":{"line":24,"column":17}},"1":{"start":{"line":25,"column":4},"end":{"line":31,"column":6}},"2":{"start":{"line":34,"column":4},"end":{"line":34,"column":33}},"3":{"start":{"line":35,"column":4},"end":{"line":35,"column":51}},"4":{"start":{"line":39,"column":4},"end":{"line":39,"column":54}},"5":{"start":{"line":43,"column":4},"end":{"line":47,"column":7}},"6":{"start":{"line":51,"column":4},"end":{"line":54,"column":7}},"7":{"start":{"line":58,"column":4},"end":{"line":81,"column":6}}},"fnMap":{"0":{"name":"(anonymous_0)","decl":{"start":{"line":23,"column":2},"end":{"line":23,"column":3}},"loc":{"start":{"line":23,"column":21},"end":{"line":32,"column":3}},"line":23},"1":{"name":"(anonymous_1)","decl":{"start":{"line":33,"column":2},"end":{"line":33,"column":3}},"loc":{"start":{"line":33,"column":22},"end":{"line":36,"column":3}},"line":33},"2":{"name":"(anonymous_2)","decl":{"start":{"line":38,"column":2},"end":{"line":38,"column":3}},"loc":{"start":{"line":38,"column":25},"end":{"line":40,"column":3}},"line":38},"3":{"name":"(anonymous_3)","decl":{"start":{"line":42,"column":18},"end":{"line":42,"column":19}},"loc":{"start":{"line":42,"column":24},"end":{"line":48,"column":3}},"line":42},"4":{"name":"(anonymous_4)","decl":{"start":{"line":50,"column":15},"end":{"line":50,"column":16}},"loc":{"start":{"line":50,"column":39},"end":{"line":55,"column":3}},"line":50},"5":{"name":"(anonymous_5)","decl":{"start":{"line":57,"column":2},"end":{"line":57,"column":3}},"loc":{"start":{"line":57,"column":11},"end":{"line":82,"column":3}},"line":57}},"branchMap":{"0":{"loc":{"start":{"line":71,"column":16},"end":{"line":75,"column":58}},"type":"cond-expr","locations":[{"start":{"line":72,"column":16},"end":{"line":72,"column":42}},{"start":{"line":73,"column":16},"end":{"line":75,"column":58}}],"line":71}},"s":{"0":1,"1":1,"2":0,"3":0,"4":0,"5":0,"6":0,"7":1},"f":{"0":1,"1":0,"2":0,"3":0,"4":0,"5":1},"b":{"0":[1,0]},"_coverageSchema":"332fd63041d2c1bcb487cc26dd0d5f7d97098a6c","hash":"0fbeafe41e2b3839bf44c92a3163e586e6abcbc2"}
,"/Users/andeladeveloper/Desktop/post-it-app/client/src/components/Group.jsx": {"path":"/Users/andeladeveloper/Desktop/post-it-app/client/src/components/Group.jsx","statementMap":{"0":{"start":{"line":18,"column":4},"end":{"line":18,"column":12}},"1":{"start":{"line":19,"column":4},"end":{"line":22,"column":6}},"2":{"start":{"line":32,"column":4},"end":{"line":32,"column":28}},"3":{"start":{"line":33,"column":4},"end":{"line":33,"column":51}},"4":{"start":{"line":43,"column":4},"end":{"line":43,"column":54}},"5":{"start":{"line":51,"column":4},"end":{"line":53,"column":7}},"6":{"start":{"line":57,"column":4},"end":{"line":59,"column":7}},"7":{"start":{"line":69,"column":4},"end":{"line":69,"column":53}},"8":{"start":{"line":70,"column":4},"end":{"line":70,"column":28}},"9":{"start":{"line":79,"column":4},"end":{"line":135,"column":6}},"10":{"start":{"line":130,"column":18},"end":{"line":130,"column":99}}},"fnMap":{"0":{"name":"(anonymous_0)","decl":{"start":{"line":17,"column":2},"end":{"line":17,"column":3}},"loc":{"start":{"line":17,"column":16},"end":{"line":23,"column":3}},"line":17},"1":{"name":"(anonymous_1)","decl":{"start":{"line":31,"column":2},"end":{"line":31,"column":3}},"loc":{"start":{"line":31,"column":22},"end":{"line":34,"column":3}},"line":31},"2":{"name":"(anonymous_2)","decl":{"start":{"line":42,"column":2},"end":{"line":42,"column":3}},"loc":{"start":{"line":42,"column":25},"end":{"line":44,"column":3}},"line":42},"3":{"name":"(anonymous_3)","decl":{"start":{"line":50,"column":18},"end":{"line":50,"column":19}},"loc":{"start":{"line":50,"column":23},"end":{"line":54,"column":3}},"line":50},"4":{"name":"(anonymous_4)","decl":{"start":{"line":56,"column":13},"end":{"line":56,"column":14}},"loc":{"start":{"line":56,"column":23},"end":{"line":60,"column":3}},"line":56},"5":{"name":"(anonymous_5)","decl":{"start":{"line":68,"column":12},"end":{"line":68,"column":13}},"loc":{"start":{"line":68,"column":18},"end":{"line":71,"column":3}},"line":68},"6":{"name":"(anonymous_6)","decl":{"start":{"line":78,"column":2},"end":{"line":78,"column":3}},"loc":{"start":{"line":78,"column":11},"end":{"line":136,"column":3}},"line":78},"7":{"name":"(anonymous_7)","decl":{"start":{"line":129,"column":40},"end":{"line":129,"column":41}},"loc":{"start":{"line":130,"column":18},"end":{"line":130,"column":99}},"line":130}},"branchMap":{},"s":{"0":6,"1":6,"2":2,"3":2,"4":0,"5":3,"6":0,"7":0,"8":0,"9":10,"10":9},"f":{"0":6,"1":2,"2":0,"3":3,"4":0,"5":0,"6":10,"7":9},"b":{},"_coverageSchema":"332fd63041d2c1bcb487cc26dd0d5f7d97098a6c","hash":"a2fcfd1e1d403a413a95dab9328d67a1de21af7c"}
,"/Users/andeladeveloper/Desktop/post-it-app/client/src/components/GroupList.jsx": {"path":"/Users/andeladeveloper/Desktop/post-it-app/client/src/components/GroupList.jsx","statementMap":{"0":{"start":{"line":4,"column":16},"end":{"line":21,"column":2}},"1":{"start":{"line":4,"column":23},"end":{"line":21,"column":1}},"2":{"start":{"line":7,"column":4},"end":{"line":19,"column":6}},"3":{"start":{"line":9,"column":10},"end":{"line":9,"column":61}},"4":{"start":{"line":10,"column":10},"end":{"line":10,"column":61}},"5":{"start":{"line":11,"column":10},"end":{"line":12,"column":40}}},"fnMap":{"0":{"name":"(anonymous_0)","decl":{"start":{"line":4,"column":16},"end":{"line":4,"column":17}},"loc":{"start":{"line":4,"column":23},"end":{"line":21,"column":1}},"line":4},"1":{"name":"(anonymous_1)","decl":{"start":{"line":8,"column":20},"end":{"line":8,"column":21}},"loc":{"start":{"line":8,"column":26},"end":{"line":13,"column":10}},"line":8}},"branchMap":{},"s":{"0":4,"1":9,"2":12,"3":0,"4":0,"5":0},"f":{"0":9,"1":0},"b":{},"_coverageSchema":"332fd63041d2c1bcb487cc26dd0d5f7d97098a6c","hash":"b70d68bfcae4517ca362d1dfd5ce0d33371d62ee"}
,"/Users/andeladeveloper/Desktop/post-it-app/client/src/components/Home.jsx": {"path":"/Users/andeladeveloper/Desktop/post-it-app/client/src/components/Home.jsx","statementMap":{"0":{"start":{"line":6,"column":12},"end":{"line":24,"column":2}},"1":{"start":{"line":6,"column":18},"end":{"line":24,"column":1}},"2":{"start":{"line":9,"column":4},"end":{"line":22,"column":6}}},"fnMap":{"0":{"name":"(anonymous_0)","decl":{"start":{"line":6,"column":12},"end":{"line":6,"column":13}},"loc":{"start":{"line":6,"column":18},"end":{"line":24,"column":1}},"line":6}},"branchMap":{},"s":{"0":2,"1":6,"2":6},"f":{"0":6},"b":{},"_coverageSchema":"332fd63041d2c1bcb487cc26dd0d5f7d97098a6c","hash":"bd7780364dbfa2d3c78514dc20b4cb43645b6ad3"}
,"/Users/andeladeveloper/Desktop/post-it-app/client/src/components/MessageBoard.jsx": {"path":"/Users/andeladeveloper/Desktop/post-it-app/client/src/components/MessageBoard.jsx","statementMap":{"0":{"start":{"line":17,"column":4},"end":{"line":17,"column":12}},"1":{"start":{"line":18,"column":4},"end":{"line":21,"column":6}},"2":{"start":{"line":32,"column":4},"end":{"line":34,"column":7}},"3":{"start":{"line":42,"column":4},"end":{"line":44,"column":7}},"4":{"start":{"line":52,"column":4},"end":{"line":54,"column":7}},"5":{"start":{"line":62,"column":4},"end":{"line":64,"column":7}},"6":{"start":{"line":72,"column":4},"end":{"line":72,"column":27}},"7":{"start":{"line":73,"column":27},"end":{"line":73,"column":36}},"8":{"start":{"line":74,"column":26},"end":{"line":77,"column":5}},"9":{"start":{"line":78,"column":20},"end":{"line":78,"column":38}},"10":{"start":{"line":79,"column":4},"end":{"line":83,"column":5}},"11":{"start":{"line":80,"column":6},"end":{"line":80,"column":53}},"12":{"start":{"line":81,"column":6},"end":{"line":81,"column":22}},"13":{"start":{"line":82,"column":6},"end":{"line":82,"column":28}},"14":{"start":{"line":91,"column":24},"end":{"line":100,"column":5}},"15":{"start":{"line":92,"column":6},"end":{"line":99,"column":12}},"16":{"start":{"line":101,"column":4},"end":{"line":132,"column":6}}},"fnMap":{"0":{"name":"(anonymous_0)","decl":{"start":{"line":16,"column":2},"end":{"line":16,"column":3}},"loc":{"start":{"line":16,"column":16},"end":{"line":22,"column":3}},"line":16},"1":{"name":"(anonymous_1)","decl":{"start":{"line":31,"column":2},"end":{"line":31,"column":3}},"loc":{"start":{"line":31,"column":39},"end":{"line":35,"column":3}},"line":31},"2":{"name":"(anonymous_2)","decl":{"start":{"line":41,"column":18},"end":{"line":41,"column":19}},"loc":{"start":{"line":41,"column":24},"end":{"line":45,"column":3}},"line":41},"3":{"name":"(anonymous_3)","decl":{"start":{"line":51,"column":17},"end":{"line":51,"column":18}},"loc":{"start":{"line":51,"column":27},"end":{"line":55,"column":3}},"line":51},"4":{"name":"(anonymous_4)","decl":{"start":{"line":61,"column":11},"end":{"line":61,"column":12}},"loc":{"start":{"line":61,"column":21},"end":{"line":65,"column":3}},"line":61},"5":{"name":"(anonymous_5)","decl":{"start":{"line":71,"column":11},"end":{"line":71,"column":12}},"loc":{"start":{"line":71,"column":21},"end":{"line":84,"column":3}},"line":71},"6":{"name":"(anonymous_6)","decl":{"start":{"line":90,"column":2},"end":{"line":90,"column":3}},"loc":{"start":{"line":90,"column":11},"end":{"line":133,"column":3}},"line":90},"7":{"name":"(anonymous_7)","decl":{"start":{"line":91,"column":53},"end":{"line":91,"column":54}},"loc":{"start":{"line":92,"column":6},"end":{"line":99,"column":12}},"line":92}},"branchMap":{"0":{"loc":{"start":{"line":79,"column":4},"end":{"line":83,"column":5}},"type":"if","locations":[{"start":{"line":79,"column":4},"end":{"line":83,"column":5}},{"start":{"line":79,"column":4},"end":{"line":83,"column":5}}],"line":79}},"s":{"0":8,"1":8,"2":0,"3":0,"4":0,"5":0,"6":0,"7":0,"8":0,"9":0,"10":0,"11":0,"12":0,"13":0,"14":8,"15":0,"16":0},"f":{"0":8,"1":0,"2":0,"3":0,"4":0,"5":0,"6":8,"7":0},"b":{"0":[0,0]},"_coverageSchema":"332fd63041d2c1bcb487cc26dd0d5f7d97098a6c","hash":"fd1423c0a1a924fd9643bb714abfd809d749cf9e"}
,"/Users/andeladeveloper/Desktop/post-it-app/client/src/components/MessageForm.jsx": {"path":"/Users/andeladeveloper/Desktop/post-it-app/client/src/components/MessageForm.jsx","statementMap":{"0":{"start":{"line":8,"column":20},"end":{"line":19,"column":2}},"1":{"start":{"line":8,"column":27},"end":{"line":19,"column":1}},"2":{"start":{"line":10,"column":4},"end":{"line":17,"column":6}}},"fnMap":{"0":{"name":"(anonymous_0)","decl":{"start":{"line":8,"column":20},"end":{"line":8,"column":21}},"loc":{"start":{"line":8,"column":27},"end":{"line":19,"column":1}},"line":8}},"branchMap":{},"s":{"0":3,"1":0,"2":0},"f":{"0":0},"b":{},"_coverageSchema":"332fd63041d2c1bcb487cc26dd0d5f7d97098a6c","hash":"8a60b84319d4d93bf1f0d6dd47679ec13029c2ee"}
,"/Users/andeladeveloper/Desktop/post-it-app/client/src/components/Navbar.jsx": {"path":"/Users/andeladeveloper/Desktop/post-it-app/client/src/components/Navbar.jsx","statementMap":{"0":{"start":{"line":5,"column":14},"end":{"line":23,"column":2}},"1":{"start":{"line":5,"column":20},"end":{"line":23,"column":1}},"2":{"start":{"line":8,"column":4},"end":{"line":21,"column":6}}},"fnMap":{"0":{"name":"(anonymous_0)","decl":{"start":{"line":5,"column":14},"end":{"line":5,"column":15}},"loc":{"start":{"line":5,"column":20},"end":{"line":23,"column":1}},"line":5}},"branchMap":{},"s":{"0":3,"1":1,"2":1},"f":{"0":1},"b":{},"_coverageSchema":"332fd63041d2c1bcb487cc26dd0d5f7d97098a6c","hash":"70a839bec58597ced163d191d6c86cce14008c09"}
,"/Users/andeladeveloper/Desktop/post-it-app/client/src/components/NotFoundPage.jsx": {"path":"/Users/andeladeveloper/Desktop/post-it-app/client/src/components/NotFoundPage.jsx","statementMap":{"0":{"start":{"line":5,"column":20},"end":{"line":15,"column":2}},"1":{"start":{"line":5,"column":26},"end":{"line":15,"column":1}},"2":{"start":{"line":7,"column":4},"end":{"line":13,"column":6}}},"fnMap":{"0":{"name":"(anonymous_0)","decl":{"start":{"line":5,"column":20},"end":{"line":5,"column":21}},"loc":{"start":{"line":5,"column":26},"end":{"line":15,"column":1}},"line":5}},"branchMap":{},"s":{"0":1,"1":1,"2":1},"f":{"0":1},"b":{},"_coverageSchema":"332fd63041d2c1bcb487cc26dd0d5f7d97098a6c","hash":"f3c04bb1db9f0499dff395c9fbc3b5e5ed52a3bc"}
,"/Users/andeladeveloper/Desktop/post-it-app/client/src/components/ResetPassword.jsx": {"path":"/Users/andeladeveloper/Desktop/post-it-app/client/src/components/ResetPassword.jsx","statementMap":{"0":{"start":{"line":21,"column":4},"end":{"line":21,"column":17}},"1":{"start":{"line":22,"column":4},"end":{"line":25,"column":6}},"2":{"start":{"line":37,"column":4},"end":{"line":39,"column":7}},"3":{"start":{"line":48,"column":4},"end":{"line":48,"column":27}},"4":{"start":{"line":49,"column":23},"end":{"line":51,"column":5}},"5":{"start":{"line":52,"column":4},"end":{"line":55,"column":8}},"6":{"start":{"line":54,"column":8},"end":{"line":54,"column":43}},"7":{"start":{"line":64,"column":4},"end":{"line":80,"column":6}}},"fnMap":{"0":{"name":"(anonymous_0)","decl":{"start":{"line":20,"column":2},"end":{"line":20,"column":3}},"loc":{"start":{"line":20,"column":21},"end":{"line":26,"column":3}},"line":20},"1":{"name":"(anonymous_1)","decl":{"start":{"line":36,"column":13},"end":{"line":36,"column":14}},"loc":{"start":{"line":36,"column":23},"end":{"line":40,"column":3}},"line":36},"2":{"name":"(anonymous_2)","decl":{"start":{"line":47,"column":13},"end":{"line":47,"column":14}},"loc":{"start":{"line":47,"column":24},"end":{"line":56,"column":3}},"line":47},"3":{"name":"(anonymous_3)","decl":{"start":{"line":53,"column":12},"end":{"line":53,"column":13}},"loc":{"start":{"line":53,"column":18},"end":{"line":55,"column":7}},"line":53},"4":{"name":"(anonymous_4)","decl":{"start":{"line":63,"column":2},"end":{"line":63,"column":3}},"loc":{"start":{"line":63,"column":11},"end":{"line":81,"column":3}},"line":63}},"branchMap":{},"s":{"0":0,"1":0,"2":0,"3":0,"4":0,"5":0,"6":0,"7":0},"f":{"0":0,"1":0,"2":0,"3":0,"4":0},"b":{},"_coverageSchema":"332fd63041d2c1bcb487cc26dd0d5f7d97098a6c","hash":"74576756d5d67b9aba84405741b174de6751c6b8"}
,"/Users/andeladeveloper/Desktop/post-it-app/client/src/components/Signin.jsx": {"path":"/Users/andeladeveloper/Desktop/post-it-app/client/src/components/Signin.jsx","statementMap":{"0":{"start":{"line":23,"column":4},"end":{"line":23,"column":17}},"1":{"start":{"line":24,"column":4},"end":{"line":28,"column":6}},"2":{"start":{"line":39,"column":4},"end":{"line":41,"column":7}},"3":{"start":{"line":51,"column":4},"end":{"line":51,"column":27}},"4":{"start":{"line":52,"column":26},"end":{"line":52,"column":43}},"5":{"start":{"line":53,"column":4},"end":{"line":56,"column":7}},"6":{"start":{"line":54,"column":6},"end":{"line":54,"column":56}},"7":{"start":{"line":55,"column":6},"end":{"line":55,"column":44}},"8":{"start":{"line":66,"column":4},"end":{"line":68,"column":7}},"9":{"start":{"line":82,"column":4},"end":{"line":82,"column":27}},"10":{"start":{"line":83,"column":21},"end":{"line":83,"column":59}},"11":{"start":{"line":84,"column":4},"end":{"line":84,"column":33}},"12":{"start":{"line":85,"column":4},"end":{"line":85,"column":31}},"13":{"start":{"line":86,"column":4},"end":{"line":93,"column":9}},"14":{"start":{"line":88,"column":8},"end":{"line":88,"column":43}},"15":{"start":{"line":89,"column":25},"end":{"line":89,"column":31}},"16":{"start":{"line":90,"column":8},"end":{"line":92,"column":9}},"17":{"start":{"line":91,"column":10},"end":{"line":91,"column":55}},"18":{"start":{"line":99,"column":4},"end":{"line":129,"column":6}}},"fnMap":{"0":{"name":"(anonymous_0)","decl":{"start":{"line":22,"column":2},"end":{"line":22,"column":3}},"loc":{"start":{"line":22,"column":21},"end":{"line":29,"column":3}},"line":22},"1":{"name":"(anonymous_1)","decl":{"start":{"line":38,"column":11},"end":{"line":38,"column":12}},"loc":{"start":{"line":38,"column":22},"end":{"line":42,"column":3}},"line":38},"2":{"name":"(anonymous_2)","decl":{"start":{"line":50,"column":11},"end":{"line":50,"column":12}},"loc":{"start":{"line":50,"column":20},"end":{"line":57,"column":3}},"line":50},"3":{"name":"(anonymous_3)","decl":{"start":{"line":53,"column":45},"end":{"line":53,"column":46}},"loc":{"start":{"line":53,"column":51},"end":{"line":56,"column":5}},"line":53},"4":{"name":"(anonymous_4)","decl":{"start":{"line":65,"column":17},"end":{"line":65,"column":18}},"loc":{"start":{"line":65,"column":22},"end":{"line":69,"column":3}},"line":65},"5":{"name":"(anonymous_5)","decl":{"start":{"line":81,"column":15},"end":{"line":81,"column":16}},"loc":{"start":{"line":81,"column":25},"end":{"line":94,"column":3}},"line":81},"6":{"name":"(anonymous_6)","decl":{"start":{"line":87,"column":12},"end":{"line":87,"column":13}},"loc":{"start":{"line":87,"column":24},"end":{"line":93,"column":7}},"line":87},"7":{"name":"(anonymous_7)","decl":{"start":{"line":98,"column":2},"end":{"line":98,"column":3}},"loc":{"start":{"line":98,"column":11},"end":{"line":130,"column":3}},"line":98}},"branchMap":{"0":{"loc":{"start":{"line":90,"column":8},"end":{"line":92,"column":9}},"type":"if","locations":[{"start":{"line":90,"column":8},"end":{"line":92,"column":9}},{"start":{"line":90,"column":8},"end":{"line":92,"column":9}}],"line":90}},"s":{"0":0,"1":0,"2":0,"3":0,"4":0,"5":0,"6":0,"7":0,"8":0,"9":0,"10":0,"11":0,"12":0,"13":0,"14":0,"15":0,"16":0,"17":0,"18":0},"f":{"0":0,"1":0,"2":0,"3":0,"4":0,"5":0,"6":0,"7":0},"b":{"0":[0,0]},"_coverageSchema":"332fd63041d2c1bcb487cc26dd0d5f7d97098a6c","hash":"eb6c754de01a257e99186d9f827a720b7817ce4a"}
,"/Users/andeladeveloper/Desktop/post-it-app/client/src/components/Signup.jsx": {"path":"/Users/andeladeveloper/Desktop/post-it-app/client/src/components/Signup.jsx","statementMap":{"0":{"start":{"line":21,"column":4},"end":{"line":21,"column":17}},"1":{"start":{"line":22,"column":4},"end":{"line":28,"column":6}},"2":{"start":{"line":37,"column":4},"end":{"line":39,"column":7}},"3":{"start":{"line":50,"column":4},"end":{"line":50,"column":27}},"4":{"start":{"line":51,"column":24},"end":{"line":51,"column":41}},"5":{"start":{"line":52,"column":4},"end":{"line":54,"column":7}},"6":{"start":{"line":53,"column":6},"end":{"line":53,"column":44}},"7":{"start":{"line":58,"column":4},"end":{"line":91,"column":6}}},"fnMap":{"0":{"name":"(anonymous_0)","decl":{"start":{"line":20,"column":2},"end":{"line":20,"column":3}},"loc":{"start":{"line":20,"column":21},"end":{"line":29,"column":3}},"line":20},"1":{"name":"(anonymous_1)","decl":{"start":{"line":36,"column":13},"end":{"line":36,"column":14}},"loc":{"start":{"line":36,"column":24},"end":{"line":40,"column":3}},"line":36},"2":{"name":"(anonymous_2)","decl":{"start":{"line":49,"column":12},"end":{"line":49,"column":13}},"loc":{"start":{"line":49,"column":22},"end":{"line":55,"column":3}},"line":49},"3":{"name":"(anonymous_3)","decl":{"start":{"line":52,"column":46},"end":{"line":52,"column":47}},"loc":{"start":{"line":52,"column":52},"end":{"line":54,"column":5}},"line":52},"4":{"name":"(anonymous_4)","decl":{"start":{"line":57,"column":2},"end":{"line":57,"column":3}},"loc":{"start":{"line":57,"column":11},"end":{"line":92,"column":3}},"line":57}},"branchMap":{},"s":{"0":0,"1":0,"2":0,"3":0,"4":0,"5":0,"6":0,"7":0},"f":{"0":0,"1":0,"2":0,"3":0,"4":0},"b":{},"_coverageSchema":"332fd63041d2c1bcb487cc26dd0d5f7d97098a6c","hash":"4520cf87bcb988b22bb97fcf02be974ee0a1ddef"}
,"/Users/andeladeveloper/Desktop/post-it-app/client/src/components/UsersInGroup.jsx": {"path":"/Users/andeladeveloper/Desktop/post-it-app/client/src/components/UsersInGroup.jsx","statementMap":{"0":{"start":{"line":10,"column":4},"end":{"line":10,"column":12}},"1":{"start":{"line":11,"column":4},"end":{"line":18,"column":6}},"2":{"start":{"line":22,"column":2},"end":{"line":22,"column":49}},"3":{"start":{"line":25,"column":2},"end":{"line":25,"column":52}},"4":{"start":{"line":28,"column":2},"end":{"line":30,"column":5}},"5":{"start":{"line":34,"column":2},"end":{"line":36,"column":4}},"6":{"start":{"line":39,"column":2},"end":{"line":41,"column":5}},"7":{"start":{"line":45,"column":2},"end":{"line":51,"column":5}},"8":{"start":{"line":46,"column":4},"end":{"line":50,"column":5}},"9":{"start":{"line":47,"column":6},"end":{"line":47,"column":33}},"10":{"start":{"line":49,"column":6},"end":{"line":49,"column":18}},"11":{"start":{"line":52,"column":2},"end":{"line":52,"column":22}},"12":{"start":{"line":56,"column":2},"end":{"line":62,"column":3}},"13":{"start":{"line":57,"column":4},"end":{"line":60,"column":6}},"14":{"start":{"line":61,"column":4},"end":{"line":61,"column":15}},"15":{"start":{"line":63,"column":22},"end":{"line":67,"column":3}},"16":{"start":{"line":68,"column":2},"end":{"line":79,"column":3}},"17":{"start":{"line":69,"column":4},"end":{"line":72,"column":7}},"18":{"start":{"line":74,"column":2},"end":{"line":74,"column":41}},"19":{"start":{"line":75,"column":2},"end":{"line":75,"column":44}},"20":{"start":{"line":76,"column":2},"end":{"line":78,"column":6}},"21":{"start":{"line":82,"column":23},"end":{"line":86,"column":3}},"22":{"start":{"line":83,"column":4},"end":{"line":85,"column":10}},"23":{"start":{"line":87,"column":4},"end":{"line":144,"column":6}}},"fnMap":{"0":{"name":"(anonymous_0)","decl":{"start":{"line":9,"column":2},"end":{"line":9,"column":3}},"loc":{"start":{"line":9,"column":16},"end":{"line":19,"column":3}},"line":9},"1":{"name":"(anonymous_1)","decl":{"start":{"line":21,"column":0},"end":{"line":21,"column":1}},"loc":{"start":{"line":21,"column":21},"end":{"line":23,"column":1}},"line":21},"2":{"name":"(anonymous_2)","decl":{"start":{"line":24,"column":0},"end":{"line":24,"column":1}},"loc":{"start":{"line":24,"column":23},"end":{"line":26,"column":1}},"line":24},"3":{"name":"(anonymous_3)","decl":{"start":{"line":27,"column":0},"end":{"line":27,"column":1}},"loc":{"start":{"line":27,"column":37},"end":{"line":31,"column":1}},"line":27},"4":{"name":"(anonymous_4)","decl":{"start":{"line":33,"column":15},"end":{"line":33,"column":16}},"loc":{"start":{"line":33,"column":20},"end":{"line":37,"column":1}},"line":33},"5":{"name":"(anonymous_5)","decl":{"start":{"line":38,"column":11},"end":{"line":38,"column":12}},"loc":{"start":{"line":38,"column":22},"end":{"line":42,"column":1}},"line":38},"6":{"name":"(anonymous_6)","decl":{"start":{"line":43,"column":17},"end":{"line":43,"column":18}},"loc":{"start":{"line":43,"column":31},"end":{"line":53,"column":1}},"line":43},"7":{"name":"(anonymous_7)","decl":{"start":{"line":45,"column":26},"end":{"line":45,"column":27}},"loc":{"start":{"line":45,"column":36},"end":{"line":51,"column":3}},"line":45},"8":{"name":"(anonymous_8)","decl":{"start":{"line":55,"column":10},"end":{"line":55,"column":11}},"loc":{"start":{"line":55,"column":16},"end":{"line":80,"column":1}},"line":55},"9":{"name":"(anonymous_9)","decl":{"start":{"line":81,"column":2},"end":{"line":81,"column":3}},"loc":{"start":{"line":81,"column":11},"end":{"line":145,"column":3}},"line":81},"10":{"name":"(anonymous_10)","decl":{"start":{"line":82,"column":48},"end":{"line":82,"column":49}},"loc":{"start":{"line":83,"column":4},"end":{"line":85,"column":10}},"line":83}},"branchMap":{"0":{"loc":{"start":{"line":46,"column":4},"end":{"line":50,"column":5}},"type":"if","locations":[{"start":{"line":46,"column":4},"end":{"line":50,"column":5}},{"start":{"line":46,"column":4},"end":{"line":50,"column":5}}],"line":46},"1":{"loc":{"start":{"line":56,"column":2},"end":{"line":62,"column":3}},"type":"if","locations":[{"start":{"line":56,"column":2},"end":{"line":62,"column":3}},{"start":{"line":56,"column":2},"end":{"line":62,"column":3}}],"line":56},"2":{"loc":{"start":{"line":68,"column":2},"end":{"line":79,"column":3}},"type":"if","locations":[{"start":{"line":68,"column":2},"end":{"line":79,"column":3}},{"start":{"line":68,"column":2},"end":{"line":79,"column":3}}],"line":68}},"s":{"0":0,"1":0,"2":0,"3":0,"4":0,"5":0,"6":0,"7":0,"8":0,"9":0,"10":0,"11":0,"12":0,"13":0,"14":0,"15":0,"16":0,"17":0,"18":0,"19":0,"20":0,"21":0,"22":0,"23":0},"f":{"0":0,"1":0,"2":0,"3":0,"4":0,"5":0,"6":0,"7":0,"8":0,"9":0,"10":0},"b":{"0":[0,0],"1":[0,0],"2":[0,0]},"_coverageSchema":"332fd63041d2c1bcb487cc26dd0d5f7d97098a6c","hash":"f71855fcd806c9d50f4e0a658ce38c9772c54755"}
,"/Users/andeladeveloper/Desktop/post-it-app/client/src/constants/AppConstants.js": {"path":"/Users/andeladeveloper/Desktop/post-it-app/client/src/constants/AppConstants.js","statementMap":{},"fnMap":{},"branchMap":{},"s":{},"f":{},"b":{},"_coverageSchema":"332fd63041d2c1bcb487cc26dd0d5f7d97098a6c","hash":"d37951981d0b81deece85e06112500cfc8fa0a3c"}
,"/Users/andeladeveloper/Desktop/post-it-app/client/src/dispatcher/AppDispatcher.js": {"path":"/Users/andeladeveloper/Desktop/post-it-app/client/src/dispatcher/AppDispatcher.js","statementMap":{"0":{"start":{"line":3,"column":22},"end":{"line":3,"column":38}}},"fnMap":{},"branchMap":{},"s":{"0":7},"f":{},"b":{},"_coverageSchema":"332fd63041d2c1bcb487cc26dd0d5f7d97098a6c","hash":"fb992e2c3d070191101108f9ac95446cf74b5627"}
,"/Users/andeladeveloper/Desktop/post-it-app/client/src/firebase/index.js": {"path":"/Users/andeladeveloper/Desktop/post-it-app/client/src/firebase/index.js","statementMap":{"0":{"start":{"line":3,"column":0},"end":{"line":3,"column":27}},"1":{"start":{"line":5,"column":15},"end":{"line":12,"column":1}},"2":{"start":{"line":13,"column":0},"end":{"line":13,"column":31}}},"fnMap":{},"branchMap":{},"s":{"0":1,"1":1,"2":1},"f":{},"b":{},"_coverageSchema":"332fd63041d2c1bcb487cc26dd0d5f7d97098a6c","hash":"f6e1e3f3483827c84b2ed9a027fc7731dc06c2d2"}
,"/Users/andeladeveloper/Desktop/post-it-app/client/src/stores/AppStore.js": {"path":"/Users/andeladeveloper/Desktop/post-it-app/client/src/stores/AppStore.js","statementMap":{"0":{"start":{"line":5,"column":21},"end":{"line":5,"column":29}},"1":{"start":{"line":7,"column":16},"end":{"line":7,"column":18}},"2":{"start":{"line":8,"column":18},"end":{"line":8,"column":20}},"3":{"start":{"line":9,"column":13},"end":{"line":9,"column":15}},"4":{"start":{"line":10,"column":18},"end":{"line":10,"column":20}},"5":{"start":{"line":11,"column":19},"end":{"line":11,"column":21}},"6":{"start":{"line":12,"column":18},"end":{"line":12,"column":20}},"7":{"start":{"line":13,"column":21},"end":{"line":13,"column":23}},"8":{"start":{"line":14,"column":24},"end":{"line":14,"column":26}},"9":{"start":{"line":26,"column":2},"end":{"line":26,"column":32}},"10":{"start":{"line":27,"column":2},"end":{"line":27,"column":20}},"11":{"start":{"line":31,"column":2},"end":{"line":31,"column":24}},"12":{"start":{"line":32,"column":2},"end":{"line":32,"column":21}},"13":{"start":{"line":42,"column":2},"end":{"line":42,"column":21}},"14":{"start":{"line":43,"column":2},"end":{"line":43,"column":21}},"15":{"start":{"line":46,"column":2},"end":{"line":46,"column":28}},"16":{"start":{"line":47,"column":2},"end":{"line":47,"column":24}},"17":{"start":{"line":50,"column":2},"end":{"line":50,"column":30}},"18":{"start":{"line":51,"column":2},"end":{"line":51,"column":27}},"19":{"start":{"line":54,"column":2},"end":{"line":54,"column":27}},"20":{"start":{"line":55,"column":2},"end":{"line":55,"column":19}},"21":{"start":{"line":65,"column":2},"end":{"line":65,"column":17}},"22":{"start":{"line":66,"column":2},"end":{"line":66,"column":16}},"23":{"start":{"line":78,"column":2},"end":{"line":78,"column":27}},"24":{"start":{"line":79,"column":2},"end":{"line":79,"column":21}},"25":{"start":{"line":97,"column":4},"end":{"line":97,"column":28}},"26":{"start":{"line":110,"column":4},"end":{"line":110,"column":36}},"27":{"start":{"line":123,"column":4},"end":{"line":123,"column":48}},"28":{"start":{"line":134,"column":4},"end":{"line":134,"column":22}},"29":{"start":{"line":143,"column":4},"end":{"line":143,"column":23}},"30":{"start":{"line":153,"column":4},"end":{"line":153,"column":18}},"31":{"start":{"line":164,"column":4},"end":{"line":164,"column":23}},"32":{"start":{"line":167,"column":4},"end":{"line":167,"column":23}},"33":{"start":{"line":170,"column":4},"end":{"line":170,"column":26}},"34":{"start":{"line":173,"column":4},"end":{"line":173,"column":29}},"35":{"start":{"line":176,"column":4},"end":{"line":176,"column":21}},"36":{"start":{"line":180,"column":17},"end":{"line":180,"column":36}},"37":{"start":{"line":182,"column":0},"end":{"line":219,"column":3}},"38":{"start":{"line":183,"column":2},"end":{"line":218,"column":3}},"39":{"start":{"line":185,"column":6},"end":{"line":185,"column":34}},"40":{"start":{"line":186,"column":6},"end":{"line":186,"column":28}},"41":{"start":{"line":187,"column":6},"end":{"line":187,"column":12}},"42":{"start":{"line":189,"column":6},"end":{"line":189,"column":33}},"43":{"start":{"line":190,"column":6},"end":{"line":190,"column":28}},"44":{"start":{"line":191,"column":6},"end":{"line":191,"column":12}},"45":{"start":{"line":193,"column":6},"end":{"line":193,"column":38}},"46":{"start":{"line":194,"column":6},"end":{"line":194,"column":28}},"47":{"start":{"line":195,"column":6},"end":{"line":195,"column":12}},"48":{"start":{"line":197,"column":6},"end":{"line":197,"column":44}},"49":{"start":{"line":198,"column":6},"end":{"line":198,"column":44}},"50":{"start":{"line":199,"column":6},"end":{"line":199,"column":28}},"51":{"start":{"line":200,"column":6},"end":{"line":200,"column":12}},"52":{"start":{"line":202,"column":6},"end":{"line":202,"column":39}},"53":{"start":{"line":203,"column":6},"end":{"line":203,"column":28}},"54":{"start":{"line":204,"column":6},"end":{"line":204,"column":12}},"55":{"start":{"line":206,"column":6},"end":{"line":206,"column":35}},"56":{"start":{"line":207,"column":6},"end":{"line":207,"column":28}},"57":{"start":{"line":208,"column":6},"end":{"line":208,"column":12}},"58":{"start":{"line":210,"column":6},"end":{"line":210,"column":35}},"59":{"start":{"line":211,"column":6},"end":{"line":211,"column":28}},"60":{"start":{"line":212,"column":6},"end":{"line":212,"column":12}},"61":{"start":{"line":214,"column":6},"end":{"line":214,"column":40}},"62":{"start":{"line":215,"column":6},"end":{"line":215,"column":28}},"63":{"start":{"line":216,"column":6},"end":{"line":216,"column":12}}},"fnMap":{"0":{"name":"saveGroupMessage","decl":{"start":{"line":25,"column":9},"end":{"line":25,"column":25}},"loc":{"start":{"line":25,"column":40},"end":{"line":28,"column":1}},"line":25},"1":{"name":"allGroupMessages","decl":{"start":{"line":30,"column":9},"end":{"line":30,"column":25}},"loc":{"start":{"line":30,"column":35},"end":{"line":33,"column":1}},"line":30},"2":{"name":"setCurrentUser","decl":{"start":{"line":41,"column":9},"end":{"line":41,"column":23}},"loc":{"start":{"line":41,"column":30},"end":{"line":44,"column":1}},"line":41},"3":{"name":"setAllUsers","decl":{"start":{"line":45,"column":9},"end":{"line":45,"column":20}},"loc":{"start":{"line":45,"column":31},"end":{"line":48,"column":1}},"line":45},"4":{"name":"setAddMember","decl":{"start":{"line":49,"column":9},"end":{"line":49,"column":21}},"loc":{"start":{"line":49,"column":31},"end":{"line":52,"column":1}},"line":49},"5":{"name":"setNewMember","decl":{"start":{"line":53,"column":9},"end":{"line":53,"column":21}},"loc":{"start":{"line":53,"column":37},"end":{"line":56,"column":1}},"line":53},"6":{"name":"currentGroup","decl":{"start":{"line":64,"column":9},"end":{"line":64,"column":21}},"loc":{"start":{"line":64,"column":29},"end":{"line":67,"column":1}},"line":64},"7":{"name":"setUserGroup","decl":{"start":{"line":77,"column":9},"end":{"line":77,"column":21}},"loc":{"start":{"line":77,"column":34},"end":{"line":80,"column":1}},"line":77},"8":{"name":"(anonymous_8)","decl":{"start":{"line":96,"column":2},"end":{"line":96,"column":3}},"loc":{"start":{"line":96,"column":15},"end":{"line":98,"column":3}},"line":96},"9":{"name":"(anonymous_9)","decl":{"start":{"line":109,"column":2},"end":{"line":109,"column":3}},"loc":{"start":{"line":109,"column":30},"end":{"line":111,"column":3}},"line":109},"10":{"name":"(anonymous_10)","decl":{"start":{"line":122,"column":2},"end":{"line":122,"column":3}},"loc":{"start":{"line":122,"column":33},"end":{"line":124,"column":3}},"line":122},"11":{"name":"(anonymous_11)","decl":{"start":{"line":133,"column":2},"end":{"line":133,"column":3}},"loc":{"start":{"line":133,"column":20},"end":{"line":135,"column":3}},"line":133},"12":{"name":"(anonymous_12)","decl":{"start":{"line":142,"column":2},"end":{"line":142,"column":3}},"loc":{"start":{"line":142,"column":19},"end":{"line":144,"column":3}},"line":142},"13":{"name":"(anonymous_13)","decl":{"start":{"line":152,"column":2},"end":{"line":152,"column":3}},"loc":{"start":{"line":152,"column":20},"end":{"line":154,"column":3}},"line":152},"14":{"name":"(anonymous_14)","decl":{"start":{"line":163,"column":2},"end":{"line":163,"column":3}},"loc":{"start":{"line":163,"column":17},"end":{"line":165,"column":3}},"line":163},"15":{"name":"(anonymous_15)","decl":{"start":{"line":166,"column":2},"end":{"line":166,"column":3}},"loc":{"start":{"line":166,"column":19},"end":{"line":168,"column":3}},"line":166},"16":{"name":"(anonymous_16)","decl":{"start":{"line":169,"column":2},"end":{"line":169,"column":3}},"loc":{"start":{"line":169,"column":16},"end":{"line":171,"column":3}},"line":169},"17":{"name":"(anonymous_17)","decl":{"start":{"line":172,"column":2},"end":{"line":172,"column":3}},"loc":{"start":{"line":172,"column":17},"end":{"line":174,"column":3}},"line":172},"18":{"name":"(anonymous_18)","decl":{"start":{"line":175,"column":2},"end":{"line":175,"column":3}},"loc":{"start":{"line":175,"column":17},"end":{"line":177,"column":3}},"line":175},"19":{"name":"(anonymous_19)","decl":{"start":{"line":182,"column":48},"end":{"line":182,"column":49}},"loc":{"start":{"line":182,"column":60},"end":{"line":219,"column":1}},"line":182}},"branchMap":{"0":{"loc":{"start":{"line":183,"column":2},"end":{"line":218,"column":3}},"type":"switch","locations":[{"start":{"line":184,"column":4},"end":{"line":187,"column":12}},{"start":{"line":188,"column":4},"end":{"line":191,"column":12}},{"start":{"line":192,"column":4},"end":{"line":195,"column":12}},{"start":{"line":196,"column":4},"end":{"line":200,"column":12}},{"start":{"line":201,"column":4},"end":{"line":204,"column":12}},{"start":{"line":205,"column":4},"end":{"line":208,"column":12}},{"start":{"line":209,"column":4},"end":{"line":212,"column":12}},{"start":{"line":213,"column":4},"end":{"line":216,"column":12}},{"start":{"line":217,"column":4},"end":{"line":217,"column":12}}],"line":183}},"s":{"0":3,"1":3,"2":3,"3":3,"4":3,"5":3,"6":3,"7":3,"8":3,"9":0,"10":0,"11":0,"12":0,"13":0,"14":0,"15":0,"16":0,"17":0,"18":0,"19":0,"20":0,"21":0,"22":0,"23":2,"24":2,"25":2,"26":2,"27":0,"28":0,"29":0,"30":0,"31":3,"32":0,"33":0,"34":0,"35":0,"36":3,"37":3,"38":2,"39":0,"40":0,"41":0,"42":0,"43":0,"44":0,"45":2,"46":2,"47":2,"48":0,"49":0,"50":0,"51":0,"52":0,"53":0,"54":0,"55":0,"56":0,"57":0,"58":0,"59":0,"60":0,"61":0,"62":0,"63":0},"f":{"0":0,"1":0,"2":0,"3":0,"4":0,"5":0,"6":0,"7":2,"8":2,"9":2,"10":0,"11":0,"12":0,"13":0,"14":3,"15":0,"16":0,"17":0,"18":0,"19":2},"b":{"0":[0,0,2,0,0,0,0,0,0]},"_coverageSchema":"332fd63041d2c1bcb487cc26dd0d5f7d97098a6c","hash":"b8ad70087ea9b861fa292bb2eb01c7f42b652124"}
}
